0 info it worked if it ends with ok
1 verbose cli [ '/Users/larsvinter/.nvm/versions/node/v6.0.0/bin/node',
1 verbose cli   '/Users/larsvinter/.nvm/versions/node/v6.0.0/bin/npm',
1 verbose cli   'version',
1 verbose cli   'minor' ]
2 info using npm@3.8.6
3 info using node@v6.0.0
4 info git [ 'status', '--porcelain' ]
5 verbose stack Error: Git working directory not clean.
5 verbose stack M examples/awesomeButton/package.json
5 verbose stack     at /Users/larsvinter/.nvm/versions/node/v6.0.0/lib/node_modules/npm/lib/version.js:246:19
5 verbose stack     at ChildProcess.exithandler (child_process.js:193:7)
5 verbose stack     at emitTwo (events.js:106:13)
5 verbose stack     at ChildProcess.emit (events.js:191:7)
5 verbose stack     at maybeClose (internal/child_process.js:850:16)
5 verbose stack     at Socket.<anonymous> (internal/child_process.js:323:11)
5 verbose stack     at emitOne (events.js:96:13)
5 verbose stack     at Socket.emit (events.js:188:7)
5 verbose stack     at Pipe._handle.close [as _onclose] (net.js:485:12)
6 verbose cwd /Users/larsvinter/Code/react-native-awesome-button
7 error Darwin 15.4.0
8 error argv "/Users/larsvinter/.nvm/versions/node/v6.0.0/bin/node" "/Users/larsvinter/.nvm/versions/node/v6.0.0/bin/npm" "version" "minor"
9 error node v6.0.0
10 error npm  v3.8.6
11 error Git working directory not clean.
11 error M examples/awesomeButton/package.json
12 error If you need help, you may report this error at:
12 error     <https://github.com/npm/npm/issues>
13 verbose exit [ 1, true ]
